[INFO][2014-03-01 17:18:32,824][org.springframework.web.context.ContextLoader]Root WebApplicationContext: initialization started
[INFO][2014-03-01 17:18:32,925][org.springframework.web.context.support.XmlWebApplicationContext]Refreshing Root WebApplicationContext: startup date [Sat Mar 01 17:18:32 CST 2014]; root of context hierarchy
[INFO][2014-03-01 17:18:32,975][org.springframework.beans.factory.xml.XmlBeanDefinitionReader]Loading XML bean definitions from class path resource [spring/spring.xml]
[INFO][2014-03-01 17:18:33,184][org.springframework.beans.factory.xml.XmlBeanDefinitionReader]Loading XML bean definitions from class path resource [hibernate/hibernate.cfg.xml]
[INFO][2014-03-01 17:18:33,402][org.springframework.beans.factory.config.PropertyPlaceholderConfigurer]Loading properties file from class path resource [config/config.properties]
[INFO][2014-03-01 17:18:33,438][org.springframework.beans.factory.support.DefaultListableBeanFactory]Pre-instantiating singletons in org.springframework.beans.factory.support.DefaultListableBeanFactory@3e9d9edd: defining beans [org.springframework.beans.factory.config.PropertyPlaceholderConfigurer#0,baseDao,cmsUserService,org.springframework.context.annotation.internalConfigurationAnnotationProcessor,org.springframework.context.annotation.internalAutowiredAnnotationProcessor,org.springframework.context.annotation.internalRequiredAnnotationProcessor,org.springframework.context.annotation.internalCommonAnnotationProcessor,org.springframework.context.annotation.internalPersistenceAnnotationProcessor,dataSource,sessionFactory,transactionManager,transactionAdvice,org.springframework.aop.config.internalAutoProxyCreator,transactionPointcut,org.springframework.aop.support.DefaultBeanFactoryPointcutAdvisor#0,org.springframework.context.annotation.ConfigurationClassPostProcessor$ImportAwareBeanPostProcessor#0]; root of factory hierarchy
[INFO][2014-03-01 17:18:33,516][com.mchange.v2.log.MLog]MLog clients using log4j logging.
[INFO][2014-03-01 17:18:33,610][com.mchange.v2.c3p0.C3P0Registry]Initializing c3p0-0.9.1.2 [built 21-May-2007 15:04:56; debug? true; trace: 10]
[INFO][2014-03-01 17:18:34,191][org.hibernate.annotations.common.Version]HCANN000001: Hibernate Commons Annotations {4.0.2.Final}
[INFO][2014-03-01 17:18:34,199][org.hibernate.Version]HHH000412: Hibernate Core {4.2.7.Final}
[INFO][2014-03-01 17:18:34,202][org.hibernate.cfg.Environment]HHH000206: hibernate.properties not found
[INFO][2014-03-01 17:18:34,203][org.hibernate.cfg.Environment]HHH000021: Bytecode provider name : javassist
[INFO][2014-03-01 17:18:34,333][com.mchange.v2.c3p0.impl.AbstractPoolBackedDataSource]Initializing c3p0 pool... com.mchange.v2.c3p0.ComboPooledDataSource [ acquireIncrement -> 5, acquireRetryAttempts -> 30, acquireRetryDelay -> 1000, autoCommitOnClose -> true, automaticTestTable -> null, breakAfterAcquireFailure -> false, checkoutTimeout -> 3000, connectionCustomizerClassName -> null, connectionTesterClassName -> com.mchange.v2.c3p0.impl.DefaultConnectionTester, dataSourceName -> 1hge15w90ynywkq6o2yv5|476ff9e0, debugUnreturnedConnectionStackTraces -> false, description -> null, driverClass -> com.mysql.jdbc.Driver, factoryClassLocation -> null, forceIgnoreUnresolvedTransactions -> false, identityToken -> 1hge15w90ynywkq6o2yv5|476ff9e0, idleConnectionTestPeriod -> 0, initialPoolSize -> 10, jdbcUrl -> jdbc:mysql://192.168.87.2:3306/cms?useUnicode=true&autoReconnect=true&characterEncoding=UTF-8, maxAdministrativeTaskTime -> 0, maxConnectionAge -> 0, maxIdleTime -> 25000, maxIdleTimeExcessConnections -> 0, maxPoolSize -> 100, maxStatements -> 0, maxStatementsPerConnection -> 0, minPoolSize -> 10, numHelperThreads -> 3, numThreadsAwaitingCheckoutDefaultUser -> 0, preferredTestQuery -> null, properties -> {user=******, password=******}, propertyCycle -> 0, testConnectionOnCheckin -> false, testConnectionOnCheckout -> false, unreturnedConnectionTimeout -> 0, usesTraditionalReflectiveProxies -> false ]
[INFO][2014-03-01 17:18:34,625][org.hibernate.dialect.Dialect]HHH000400: Using dialect: org.hibernate.dialect.MySQLDialect
[INFO][2014-03-01 17:18:34,649][org.hibernate.engine.jdbc.internal.LobCreatorBuilder]HHH000424: Disabling contextual LOB creation as createClob() method threw error : java.lang.reflect.InvocationTargetException
[INFO][2014-03-01 17:18:34,785][org.hibernate.engine.transaction.internal.TransactionFactoryInitiator]HHH000399: Using default transaction strategy (direct JDBC transactions)
[INFO][2014-03-01 17:18:34,791][org.hibernate.hql.internal.ast.ASTQueryTranslatorFactory]HHH000397: Using ASTQueryTranslatorFactory
[INFO][2014-03-01 17:18:34,978][org.hibernate.tool.hbm2ddl.SchemaUpdate]HHH000228: Running hbm2ddl schema update
[INFO][2014-03-01 17:18:34,978][org.hibernate.tool.hbm2ddl.SchemaUpdate]HHH000102: Fetching database metadata
[INFO][2014-03-01 17:18:34,982][org.hibernate.tool.hbm2ddl.SchemaUpdate]HHH000396: Updating schema
[INFO][2014-03-01 17:18:35,000][org.hibernate.tool.hbm2ddl.TableMetadata]HHH000261: Table found: cms.cms_user
[INFO][2014-03-01 17:18:35,000][org.hibernate.tool.hbm2ddl.TableMetadata]HHH000037: Columns: [id, user_name, update_time, status, last_login_time, create_time, password]
[INFO][2014-03-01 17:18:35,000][org.hibernate.tool.hbm2ddl.TableMetadata]HHH000108: Foreign keys: []
[INFO][2014-03-01 17:18:35,000][org.hibernate.tool.hbm2ddl.TableMetadata]HHH000126: Indexes: [primary]
[INFO][2014-03-01 17:18:35,001][org.hibernate.tool.hbm2ddl.SchemaUpdate]HHH000232: Schema update complete
[INFO][2014-03-01 17:18:35,127][org.springframework.orm.hibernate4.HibernateTransactionManager]Using DataSource [com.mchange.v2.c3p0.ComboPooledDataSource [ acquireIncrement -> 5, acquireRetryAttempts -> 30, acquireRetryDelay -> 1000, autoCommitOnClose -> true, automaticTestTable -> null, breakAfterAcquireFailure -> false, checkoutTimeout -> 3000, connectionCustomizerClassName -> null, connectionTesterClassName -> com.mchange.v2.c3p0.impl.DefaultConnectionTester, dataSourceName -> 1hge15w90ynywkq6o2yv5|476ff9e0, debugUnreturnedConnectionStackTraces -> false, description -> null, driverClass -> com.mysql.jdbc.Driver, factoryClassLocation -> null, forceIgnoreUnresolvedTransactions -> false, identityToken -> 1hge15w90ynywkq6o2yv5|476ff9e0, idleConnectionTestPeriod -> 0, initialPoolSize -> 10, jdbcUrl -> jdbc:mysql://192.168.87.2:3306/cms?useUnicode=true&autoReconnect=true&characterEncoding=UTF-8, maxAdministrativeTaskTime -> 0, maxConnectionAge -> 0, maxIdleTime -> 25000, maxIdleTimeExcessConnections -> 0, maxPoolSize -> 100, maxStatements -> 0, maxStatementsPerConnection -> 0, minPoolSize -> 10, numHelperThreads -> 3, numThreadsAwaitingCheckoutDefaultUser -> 0, preferredTestQuery -> null, properties -> {user=******, password=******}, propertyCycle -> 0, testConnectionOnCheckin -> false, testConnectionOnCheckout -> false, unreturnedConnectionTimeout -> 0, usesTraditionalReflectiveProxies -> false ]] of Hibernate SessionFactory for HibernateTransactionManager
[INFO][2014-03-01 17:18:35,167][org.springframework.web.context.ContextLoader]Root WebApplicationContext: initialization completed in 2342 ms
[INFO][2014-03-01 17:18:35,399][com.opensymphony.xwork2.config.providers.XmlConfigurationProvider]Parsing configuration file [struts-default.xml]
[INFO][2014-03-01 17:18:35,469][com.opensymphony.xwork2.config.providers.XmlConfigurationProvider]Parsing configuration file [struts-plugin.xml]
[INFO][2014-03-01 17:18:35,485][com.opensymphony.xwork2.config.providers.XmlConfigurationProvider]Unable to locate configuration files of the name struts.xml, skipping
[INFO][2014-03-01 17:18:35,485][com.opensymphony.xwork2.config.providers.XmlConfigurationProvider]Parsing configuration file [struts.xml]
[INFO][2014-03-01 17:18:35,490][org.apache.struts2.config.BeanSelectionProvider]Choosing bean (spring) for (com.opensymphony.xwork2.ObjectFactory)
[INFO][2014-03-01 17:18:35,490][org.apache.struts2.config.BeanSelectionProvider]Choosing bean (struts) for (com.opensymphony.xwork2.FileManager)
[INFO][2014-03-01 17:18:35,490][org.apache.struts2.config.BeanSelectionProvider]Choosing bean (struts) for (com.opensymphony.xwork2.conversion.impl.XWorkConverter)
[INFO][2014-03-01 17:18:35,490][org.apache.struts2.config.BeanSelectionProvider]Choosing bean (struts) for (com.opensymphony.xwork2.TextProvider)
[INFO][2014-03-01 17:18:35,490][org.apache.struts2.config.BeanSelectionProvider]Choosing bean (struts) for (com.opensymphony.xwork2.ActionProxyFactory)
[INFO][2014-03-01 17:18:35,491][org.apache.struts2.config.BeanSelectionProvider]Choosing bean (struts) for (com.opensymphony.xwork2.conversion.ObjectTypeDeterminer)
[INFO][2014-03-01 17:18:35,491][org.apache.struts2.config.BeanSelectionProvider]Choosing bean (struts) for (org.apache.struts2.dispatcher.mapper.ActionMapper)
[INFO][2014-03-01 17:18:35,491][org.apache.struts2.config.BeanSelectionProvider]Choosing bean (jakarta) for (org.apache.struts2.dispatcher.multipart.MultiPartRequest)
[INFO][2014-03-01 17:18:35,491][org.apache.struts2.config.BeanSelectionProvider]Choosing bean (struts) for (org.apache.struts2.views.freemarker.FreemarkerManager)
[INFO][2014-03-01 17:18:35,492][org.apache.struts2.config.BeanSelectionProvider]Choosing bean (struts) for (org.apache.struts2.components.UrlRenderer)
[INFO][2014-03-01 17:18:35,492][org.apache.struts2.config.BeanSelectionProvider]Choosing bean (struts) for (com.opensymphony.xwork2.validator.ActionValidatorManager)
[INFO][2014-03-01 17:18:35,493][org.apache.struts2.config.BeanSelectionProvider]Choosing bean (struts) for (com.opensymphony.xwork2.util.ValueStackFactory)
[INFO][2014-03-01 17:18:35,493][org.apache.struts2.config.BeanSelectionProvider]Choosing bean (struts) for (com.opensymphony.xwork2.util.reflection.ReflectionProvider)
[INFO][2014-03-01 17:18:35,493][org.apache.struts2.config.BeanSelectionProvider]Choosing bean (struts) for (com.opensymphony.xwork2.util.reflection.ReflectionContextFactory)
[INFO][2014-03-01 17:18:35,493][org.apache.struts2.config.BeanSelectionProvider]Choosing bean (struts) for (com.opensymphony.xwork2.util.PatternMatcher)
[INFO][2014-03-01 17:18:35,493][org.apache.struts2.config.BeanSelectionProvider]Choosing bean (struts) for (org.apache.struts2.dispatcher.StaticContentLoader)
[INFO][2014-03-01 17:18:35,493][org.apache.struts2.config.BeanSelectionProvider]Choosing bean (struts) for (com.opensymphony.xwork2.UnknownHandlerManager)
[INFO][2014-03-01 17:18:35,493][org.apache.struts2.config.BeanSelectionProvider]Choosing bean (struts) for (org.apache.struts2.views.util.UrlHelper)
[INFO][2014-03-01 17:18:35,507][org.apache.struts2.spring.StrutsSpringObjectFactory]Initializing Struts-Spring integration...
[INFO][2014-03-01 17:18:35,507][com.opensymphony.xwork2.spring.SpringObjectFactory]Setting autowire strategy to name
[INFO][2014-03-01 17:18:35,507][org.apache.struts2.spring.StrutsSpringObjectFactory]... initialized Struts-Spring integration successfully
[INFO][2014-03-01 17:19:52,346][org.springframework.web.context.ContextLoader]Root WebApplicationContext: initialization started
[INFO][2014-03-01 17:19:52,563][org.springframework.web.context.support.XmlWebApplicationContext]Refreshing Root WebApplicationContext: startup date [Sat Mar 01 17:19:52 CST 2014]; root of context hierarchy
[INFO][2014-03-01 17:19:52,632][org.springframework.beans.factory.xml.XmlBeanDefinitionReader]Loading XML bean definitions from class path resource [spring/spring.xml]
[INFO][2014-03-01 17:19:52,799][org.springframework.beans.factory.xml.XmlBeanDefinitionReader]Loading XML bean definitions from class path resource [hibernate/hibernate.cfg.xml]
[INFO][2014-03-01 17:19:53,037][org.springframework.beans.factory.config.PropertyPlaceholderConfigurer]Loading properties file from class path resource [config/config.properties]
[INFO][2014-03-01 17:19:53,080][org.springframework.beans.factory.support.DefaultListableBeanFactory]Pre-instantiating singletons in org.springframework.beans.factory.support.DefaultListableBeanFactory@2f2c55e4: defining beans [org.springframework.beans.factory.config.PropertyPlaceholderConfigurer#0,baseDao,cmsUserService,org.springframework.context.annotation.internalConfigurationAnnotationProcessor,org.springframework.context.annotation.internalAutowiredAnnotationProcessor,org.springframework.context.annotation.internalRequiredAnnotationProcessor,org.springframework.context.annotation.internalCommonAnnotationProcessor,org.springframework.context.annotation.internalPersistenceAnnotationProcessor,dataSource,sessionFactory,transactionManager,transactionAdvice,org.springframework.aop.config.internalAutoProxyCreator,transactionPointcut,org.springframework.aop.support.DefaultBeanFactoryPointcutAdvisor#0,org.springframework.context.annotation.ConfigurationClassPostProcessor$ImportAwareBeanPostProcessor#0]; root of factory hierarchy
[INFO][2014-03-01 17:19:53,161][com.mchange.v2.log.MLog]MLog clients using log4j logging.
[INFO][2014-03-01 17:19:53,262][com.mchange.v2.c3p0.C3P0Registry]Initializing c3p0-0.9.1.2 [built 21-May-2007 15:04:56; debug? true; trace: 10]
[INFO][2014-03-01 17:19:53,851][org.hibernate.annotations.common.Version]HCANN000001: Hibernate Commons Annotations {4.0.2.Final}
[INFO][2014-03-01 17:19:53,858][org.hibernate.Version]HHH000412: Hibernate Core {4.2.7.Final}
[INFO][2014-03-01 17:19:53,861][org.hibernate.cfg.Environment]HHH000206: hibernate.properties not found
[INFO][2014-03-01 17:19:53,863][org.hibernate.cfg.Environment]HHH000021: Bytecode provider name : javassist
[INFO][2014-03-01 17:19:54,003][com.mchange.v2.c3p0.impl.AbstractPoolBackedDataSource]Initializing c3p0 pool... com.mchange.v2.c3p0.ComboPooledDataSource [ acquireIncrement -> 5, acquireRetryAttempts -> 30, acquireRetryDelay -> 1000, autoCommitOnClose -> true, automaticTestTable -> null, breakAfterAcquireFailure -> false, checkoutTimeout -> 3000, connectionCustomizerClassName -> null, connectionTesterClassName -> com.mchange.v2.c3p0.impl.DefaultConnectionTester, dataSourceName -> 1hge15w90yo0m131x6e7sh|24226649, debugUnreturnedConnectionStackTraces -> false, description -> null, driverClass -> com.mysql.jdbc.Driver, factoryClassLocation -> null, forceIgnoreUnresolvedTransactions -> false, identityToken -> 1hge15w90yo0m131x6e7sh|24226649, idleConnectionTestPeriod -> 0, initialPoolSize -> 10, jdbcUrl -> jdbc:mysql://192.168.87.2:3306/cms?useUnicode=true&autoReconnect=true&characterEncoding=UTF-8, maxAdministrativeTaskTime -> 0, maxConnectionAge -> 0, maxIdleTime -> 25000, maxIdleTimeExcessConnections -> 0, maxPoolSize -> 100, maxStatements -> 0, maxStatementsPerConnection -> 0, minPoolSize -> 10, numHelperThreads -> 3, numThreadsAwaitingCheckoutDefaultUser -> 0, preferredTestQuery -> null, properties -> {user=******, password=******}, propertyCycle -> 0, testConnectionOnCheckin -> false, testConnectionOnCheckout -> false, unreturnedConnectionTimeout -> 0, usesTraditionalReflectiveProxies -> false ]
[INFO][2014-03-01 17:19:54,243][org.hibernate.dialect.Dialect]HHH000400: Using dialect: org.hibernate.dialect.MySQLDialect
[INFO][2014-03-01 17:19:54,260][org.hibernate.engine.jdbc.internal.LobCreatorBuilder]HHH000424: Disabling contextual LOB creation as createClob() method threw error : java.lang.reflect.InvocationTargetException
[INFO][2014-03-01 17:19:54,399][org.hibernate.engine.transaction.internal.TransactionFactoryInitiator]HHH000399: Using default transaction strategy (direct JDBC transactions)
[INFO][2014-03-01 17:19:54,404][org.hibernate.hql.internal.ast.ASTQueryTranslatorFactory]HHH000397: Using ASTQueryTranslatorFactory
[INFO][2014-03-01 17:19:54,585][org.hibernate.tool.hbm2ddl.SchemaUpdate]HHH000228: Running hbm2ddl schema update
[INFO][2014-03-01 17:19:54,585][org.hibernate.tool.hbm2ddl.SchemaUpdate]HHH000102: Fetching database metadata
[INFO][2014-03-01 17:19:54,589][org.hibernate.tool.hbm2ddl.SchemaUpdate]HHH000396: Updating schema
[INFO][2014-03-01 17:19:54,607][org.hibernate.tool.hbm2ddl.TableMetadata]HHH000261: Table found: cms.cms_user
[INFO][2014-03-01 17:19:54,607][org.hibernate.tool.hbm2ddl.TableMetadata]HHH000037: Columns: [id, user_name, update_time, status, last_login_time, create_time, password]
[INFO][2014-03-01 17:19:54,608][org.hibernate.tool.hbm2ddl.TableMetadata]HHH000108: Foreign keys: []
[INFO][2014-03-01 17:19:54,608][org.hibernate.tool.hbm2ddl.TableMetadata]HHH000126: Indexes: [primary]
[INFO][2014-03-01 17:19:54,608][org.hibernate.tool.hbm2ddl.SchemaUpdate]HHH000232: Schema update complete
[INFO][2014-03-01 17:19:54,710][org.springframework.orm.hibernate4.HibernateTransactionManager]Using DataSource [com.mchange.v2.c3p0.ComboPooledDataSource [ acquireIncrement -> 5, acquireRetryAttempts -> 30, acquireRetryDelay -> 1000, autoCommitOnClose -> true, automaticTestTable -> null, breakAfterAcquireFailure -> false, checkoutTimeout -> 3000, connectionCustomizerClassName -> null, connectionTesterClassName -> com.mchange.v2.c3p0.impl.DefaultConnectionTester, dataSourceName -> 1hge15w90yo0m131x6e7sh|24226649, debugUnreturnedConnectionStackTraces -> false, description -> null, driverClass -> com.mysql.jdbc.Driver, factoryClassLocation -> null, forceIgnoreUnresolvedTransactions -> false, identityToken -> 1hge15w90yo0m131x6e7sh|24226649, idleConnectionTestPeriod -> 0, initialPoolSize -> 10, jdbcUrl -> jdbc:mysql://192.168.87.2:3306/cms?useUnicode=true&autoReconnect=true&characterEncoding=UTF-8, maxAdministrativeTaskTime -> 0, maxConnectionAge -> 0, maxIdleTime -> 25000, maxIdleTimeExcessConnections -> 0, maxPoolSize -> 100, maxStatements -> 0, maxStatementsPerConnection -> 0, minPoolSize -> 10, numHelperThreads -> 3, numThreadsAwaitingCheckoutDefaultUser -> 0, preferredTestQuery -> null, properties -> {user=******, password=******}, propertyCycle -> 0, testConnectionOnCheckin -> false, testConnectionOnCheckout -> false, unreturnedConnectionTimeout -> 0, usesTraditionalReflectiveProxies -> false ]] of Hibernate SessionFactory for HibernateTransactionManager
[INFO][2014-03-01 17:19:54,749][org.springframework.web.context.ContextLoader]Root WebApplicationContext: initialization completed in 2402 ms
[INFO][2014-03-01 17:19:54,952][com.opensymphony.xwork2.config.providers.XmlConfigurationProvider]Parsing configuration file [struts-default.xml]
[INFO][2014-03-01 17:19:55,023][com.opensymphony.xwork2.config.providers.XmlConfigurationProvider]Parsing configuration file [struts-plugin.xml]
[INFO][2014-03-01 17:19:55,040][com.opensymphony.xwork2.config.providers.XmlConfigurationProvider]Unable to locate configuration files of the name struts.xml, skipping
[INFO][2014-03-01 17:19:55,041][com.opensymphony.xwork2.config.providers.XmlConfigurationProvider]Parsing configuration file [struts.xml]
[INFO][2014-03-01 17:19:55,046][org.apache.struts2.config.BeanSelectionProvider]Choosing bean (spring) for (com.opensymphony.xwork2.ObjectFactory)
[INFO][2014-03-01 17:19:55,046][org.apache.struts2.config.BeanSelectionProvider]Choosing bean (struts) for (com.opensymphony.xwork2.FileManager)
[INFO][2014-03-01 17:19:55,046][org.apache.struts2.config.BeanSelectionProvider]Choosing bean (struts) for (com.opensymphony.xwork2.conversion.impl.XWorkConverter)
[INFO][2014-03-01 17:19:55,046][org.apache.struts2.config.BeanSelectionProvider]Choosing bean (struts) for (com.opensymphony.xwork2.TextProvider)
[INFO][2014-03-01 17:19:55,046][org.apache.struts2.config.BeanSelectionProvider]Choosing bean (struts) for (com.opensymphony.xwork2.ActionProxyFactory)
[INFO][2014-03-01 17:19:55,046][org.apache.struts2.config.BeanSelectionProvider]Choosing bean (struts) for (com.opensymphony.xwork2.conversion.ObjectTypeDeterminer)
[INFO][2014-03-01 17:19:55,046][org.apache.struts2.config.BeanSelectionProvider]Choosing bean (struts) for (org.apache.struts2.dispatcher.mapper.ActionMapper)
[INFO][2014-03-01 17:19:55,047][org.apache.struts2.config.BeanSelectionProvider]Choosing bean (jakarta) for (org.apache.struts2.dispatcher.multipart.MultiPartRequest)
[INFO][2014-03-01 17:19:55,047][org.apache.struts2.config.BeanSelectionProvider]Choosing bean (struts) for (org.apache.struts2.views.freemarker.FreemarkerManager)
[INFO][2014-03-01 17:19:55,048][org.apache.struts2.config.BeanSelectionProvider]Choosing bean (struts) for (org.apache.struts2.components.UrlRenderer)
[INFO][2014-03-01 17:19:55,048][org.apache.struts2.config.BeanSelectionProvider]Choosing bean (struts) for (com.opensymphony.xwork2.validator.ActionValidatorManager)
[INFO][2014-03-01 17:19:55,048][org.apache.struts2.config.BeanSelectionProvider]Choosing bean (struts) for (com.opensymphony.xwork2.util.ValueStackFactory)
[INFO][2014-03-01 17:19:55,048][org.apache.struts2.config.BeanSelectionProvider]Choosing bean (struts) for (com.opensymphony.xwork2.util.reflection.ReflectionProvider)
[INFO][2014-03-01 17:19:55,049][org.apache.struts2.config.BeanSelectionProvider]Choosing bean (struts) for (com.opensymphony.xwork2.util.reflection.ReflectionContextFactory)
[INFO][2014-03-01 17:19:55,049][org.apache.struts2.config.BeanSelectionProvider]Choosing bean (struts) for (com.opensymphony.xwork2.util.PatternMatcher)
[INFO][2014-03-01 17:19:55,049][org.apache.struts2.config.BeanSelectionProvider]Choosing bean (struts) for (org.apache.struts2.dispatcher.StaticContentLoader)
[INFO][2014-03-01 17:19:55,049][org.apache.struts2.config.BeanSelectionProvider]Choosing bean (struts) for (com.opensymphony.xwork2.UnknownHandlerManager)
[INFO][2014-03-01 17:19:55,049][org.apache.struts2.config.BeanSelectionProvider]Choosing bean (struts) for (org.apache.struts2.views.util.UrlHelper)
[INFO][2014-03-01 17:19:55,063][org.apache.struts2.spring.StrutsSpringObjectFactory]Initializing Struts-Spring integration...
[INFO][2014-03-01 17:19:55,063][com.opensymphony.xwork2.spring.SpringObjectFactory]Setting autowire strategy to name
[INFO][2014-03-01 17:19:55,064][org.apache.struts2.spring.StrutsSpringObjectFactory]... initialized Struts-Spring integration successfully
[INFO][2014-03-01 17:21:11,645][org.springframework.web.context.ContextLoader]Root WebApplicationContext: initialization started
[INFO][2014-03-01 17:21:11,759][org.springframework.web.context.support.XmlWebApplicationContext]Refreshing Root WebApplicationContext: startup date [Sat Mar 01 17:21:11 CST 2014]; root of context hierarchy
[INFO][2014-03-01 17:21:11,804][org.springframework.beans.factory.xml.XmlBeanDefinitionReader]Loading XML bean definitions from class path resource [spring/spring.xml]
[INFO][2014-03-01 17:21:11,996][org.springframework.beans.factory.xml.XmlBeanDefinitionReader]Loading XML bean definitions from class path resource [hibernate/hibernate.cfg.xml]
[INFO][2014-03-01 17:21:12,192][org.springframework.beans.factory.config.PropertyPlaceholderConfigurer]Loading properties file from class path resource [config/config.properties]
[INFO][2014-03-01 17:21:12,234][org.springframework.beans.factory.support.DefaultListableBeanFactory]Pre-instantiating singletons in org.springframework.beans.factory.support.DefaultListableBeanFactory@7ce9927a: defining beans [org.springframework.beans.factory.config.PropertyPlaceholderConfigurer#0,baseDao,cmsUserService,org.springframework.context.annotation.internalConfigurationAnnotationProcessor,org.springframework.context.annotation.internalAutowiredAnnotationProcessor,org.springframework.context.annotation.internalRequiredAnnotationProcessor,org.springframework.context.annotation.internalCommonAnnotationProcessor,org.springframework.context.annotation.internalPersistenceAnnotationProcessor,dataSource,sessionFactory,transactionManager,transactionAdvice,org.springframework.aop.config.internalAutoProxyCreator,transactionPointcut,org.springframework.aop.support.DefaultBeanFactoryPointcutAdvisor#0,org.springframework.context.annotation.ConfigurationClassPostProcessor$ImportAwareBeanPostProcessor#0]; root of factory hierarchy
[INFO][2014-03-01 17:21:12,293][com.mchange.v2.log.MLog]MLog clients using log4j logging.
[INFO][2014-03-01 17:21:12,371][com.mchange.v2.c3p0.C3P0Registry]Initializing c3p0-0.9.1.2 [built 21-May-2007 15:04:56; debug? true; trace: 10]
[INFO][2014-03-01 17:21:12,916][org.hibernate.annotations.common.Version]HCANN000001: Hibernate Commons Annotations {4.0.2.Final}
[INFO][2014-03-01 17:21:12,923][org.hibernate.Version]HHH000412: Hibernate Core {4.2.7.Final}
[INFO][2014-03-01 17:21:12,926][org.hibernate.cfg.Environment]HHH000206: hibernate.properties not found
[INFO][2014-03-01 17:21:12,927][org.hibernate.cfg.Environment]HHH000021: Bytecode provider name : javassist
[INFO][2014-03-01 17:21:13,049][com.mchange.v2.c3p0.impl.AbstractPoolBackedDataSource]Initializing c3p0 pool... com.mchange.v2.c3p0.ComboPooledDataSource [ acquireIncrement -> 5, acquireRetryAttempts -> 30, acquireRetryDelay -> 1000, autoCommitOnClose -> true, automaticTestTable -> null, breakAfterAcquireFailure -> false, checkoutTimeout -> 3000, connectionCustomizerClassName -> null, connectionTesterClassName -> com.mchange.v2.c3p0.impl.DefaultConnectionTester, dataSourceName -> 1hge15w90yo2b2r70dop8|7b537060, debugUnreturnedConnectionStackTraces -> false, description -> null, driverClass -> com.mysql.jdbc.Driver, factoryClassLocation -> null, forceIgnoreUnresolvedTransactions -> false, identityToken -> 1hge15w90yo2b2r70dop8|7b537060, idleConnectionTestPeriod -> 0, initialPoolSize -> 10, jdbcUrl -> jdbc:mysql://192.168.87.2:3306/cms?useUnicode=true&autoReconnect=true&characterEncoding=UTF-8, maxAdministrativeTaskTime -> 0, maxConnectionAge -> 0, maxIdleTime -> 25000, maxIdleTimeExcessConnections -> 0, maxPoolSize -> 100, maxStatements -> 0, maxStatementsPerConnection -> 0, minPoolSize -> 10, numHelperThreads -> 3, numThreadsAwaitingCheckoutDefaultUser -> 0, preferredTestQuery -> null, properties -> {user=******, password=******}, propertyCycle -> 0, testConnectionOnCheckin -> false, testConnectionOnCheckout -> false, unreturnedConnectionTimeout -> 0, usesTraditionalReflectiveProxies -> false ]
[INFO][2014-03-01 17:21:13,291][org.hibernate.dialect.Dialect]HHH000400: Using dialect: org.hibernate.dialect.MySQLDialect
[INFO][2014-03-01 17:21:13,306][org.hibernate.engine.jdbc.internal.LobCreatorBuilder]HHH000424: Disabling contextual LOB creation as createClob() method threw error : java.lang.reflect.InvocationTargetException
[INFO][2014-03-01 17:21:13,435][org.hibernate.engine.transaction.internal.TransactionFactoryInitiator]HHH000399: Using default transaction strategy (direct JDBC transactions)
[INFO][2014-03-01 17:21:13,440][org.hibernate.hql.internal.ast.ASTQueryTranslatorFactory]HHH000397: Using ASTQueryTranslatorFactory
[INFO][2014-03-01 17:21:13,618][org.hibernate.tool.hbm2ddl.SchemaUpdate]HHH000228: Running hbm2ddl schema update
[INFO][2014-03-01 17:21:13,619][org.hibernate.tool.hbm2ddl.SchemaUpdate]HHH000102: Fetching database metadata
[INFO][2014-03-01 17:21:13,622][org.hibernate.tool.hbm2ddl.SchemaUpdate]HHH000396: Updating schema
[INFO][2014-03-01 17:21:13,639][org.hibernate.tool.hbm2ddl.TableMetadata]HHH000261: Table found: cms.cms_user
[INFO][2014-03-01 17:21:13,639][org.hibernate.tool.hbm2ddl.TableMetadata]HHH000037: Columns: [id, user_name, update_time, status, last_login_time, create_time, password]
[INFO][2014-03-01 17:21:13,639][org.hibernate.tool.hbm2ddl.TableMetadata]HHH000108: Foreign keys: []
[INFO][2014-03-01 17:21:13,639][org.hibernate.tool.hbm2ddl.TableMetadata]HHH000126: Indexes: [primary]
[INFO][2014-03-01 17:21:13,640][org.hibernate.tool.hbm2ddl.SchemaUpdate]HHH000232: Schema update complete
[INFO][2014-03-01 17:21:13,743][org.springframework.orm.hibernate4.HibernateTransactionManager]Using DataSource [com.mchange.v2.c3p0.ComboPooledDataSource [ acquireIncrement -> 5, acquireRetryAttempts -> 30, acquireRetryDelay -> 1000, autoCommitOnClose -> true, automaticTestTable -> null, breakAfterAcquireFailure -> false, checkoutTimeout -> 3000, connectionCustomizerClassName -> null, connectionTesterClassName -> com.mchange.v2.c3p0.impl.DefaultConnectionTester, dataSourceName -> 1hge15w90yo2b2r70dop8|7b537060, debugUnreturnedConnectionStackTraces -> false, description -> null, driverClass -> com.mysql.jdbc.Driver, factoryClassLocation -> null, forceIgnoreUnresolvedTransactions -> false, identityToken -> 1hge15w90yo2b2r70dop8|7b537060, idleConnectionTestPeriod -> 0, initialPoolSize -> 10, jdbcUrl -> jdbc:mysql://192.168.87.2:3306/cms?useUnicode=true&autoReconnect=true&characterEncoding=UTF-8, maxAdministrativeTaskTime -> 0, maxConnectionAge -> 0, maxIdleTime -> 25000, maxIdleTimeExcessConnections -> 0, maxPoolSize -> 100, maxStatements -> 0, maxStatementsPerConnection -> 0, minPoolSize -> 10, numHelperThreads -> 3, numThreadsAwaitingCheckoutDefaultUser -> 0, preferredTestQuery -> null, properties -> {user=******, password=******}, propertyCycle -> 0, testConnectionOnCheckin -> false, testConnectionOnCheckout -> false, unreturnedConnectionTimeout -> 0, usesTraditionalReflectiveProxies -> false ]] of Hibernate SessionFactory for HibernateTransactionManager
[INFO][2014-03-01 17:21:13,781][org.springframework.web.context.ContextLoader]Root WebApplicationContext: initialization completed in 2136 ms
[INFO][2014-03-01 17:21:14,012][com.opensymphony.xwork2.config.providers.XmlConfigurationProvider]Parsing configuration file [struts-default.xml]
[INFO][2014-03-01 17:21:14,078][com.opensymphony.xwork2.config.providers.XmlConfigurationProvider]Parsing configuration file [struts-plugin.xml]
[INFO][2014-03-01 17:21:14,095][com.opensymphony.xwork2.config.providers.XmlConfigurationProvider]Unable to locate configuration files of the name struts.xml, skipping
[INFO][2014-03-01 17:21:14,095][com.opensymphony.xwork2.config.providers.XmlConfigurationProvider]Parsing configuration file [struts.xml]
[INFO][2014-03-01 17:21:14,099][org.apache.struts2.config.BeanSelectionProvider]Choosing bean (spring) for (com.opensymphony.xwork2.ObjectFactory)
[INFO][2014-03-01 17:21:14,099][org.apache.struts2.config.BeanSelectionProvider]Choosing bean (struts) for (com.opensymphony.xwork2.FileManager)
[INFO][2014-03-01 17:21:14,099][org.apache.struts2.config.BeanSelectionProvider]Choosing bean (struts) for (com.opensymphony.xwork2.conversion.impl.XWorkConverter)
[INFO][2014-03-01 17:21:14,099][org.apache.struts2.config.BeanSelectionProvider]Choosing bean (struts) for (com.opensymphony.xwork2.TextProvider)
[INFO][2014-03-01 17:21:14,100][org.apache.struts2.config.BeanSelectionProvider]Choosing bean (struts) for (com.opensymphony.xwork2.ActionProxyFactory)
[INFO][2014-03-01 17:21:14,100][org.apache.struts2.config.BeanSelectionProvider]Choosing bean (struts) for (com.opensymphony.xwork2.conversion.ObjectTypeDeterminer)
[INFO][2014-03-01 17:21:14,100][org.apache.struts2.config.BeanSelectionProvider]Choosing bean (struts) for (org.apache.struts2.dispatcher.mapper.ActionMapper)
[INFO][2014-03-01 17:21:14,100][org.apache.struts2.config.BeanSelectionProvider]Choosing bean (jakarta) for (org.apache.struts2.dispatcher.multipart.MultiPartRequest)
[INFO][2014-03-01 17:21:14,100][org.apache.struts2.config.BeanSelectionProvider]Choosing bean (struts) for (org.apache.struts2.views.freemarker.FreemarkerManager)
[INFO][2014-03-01 17:21:14,101][org.apache.struts2.config.BeanSelectionProvider]Choosing bean (struts) for (org.apache.struts2.components.UrlRenderer)
[INFO][2014-03-01 17:21:14,101][org.apache.struts2.config.BeanSelectionProvider]Choosing bean (struts) for (com.opensymphony.xwork2.validator.ActionValidatorManager)
[INFO][2014-03-01 17:21:14,101][org.apache.struts2.config.BeanSelectionProvider]Choosing bean (struts) for (com.opensymphony.xwork2.util.ValueStackFactory)
[INFO][2014-03-01 17:21:14,101][org.apache.struts2.config.BeanSelectionProvider]Choosing bean (struts) for (com.opensymphony.xwork2.util.reflection.ReflectionProvider)
[INFO][2014-03-01 17:21:14,101][org.apache.struts2.config.BeanSelectionProvider]Choosing bean (struts) for (com.opensymphony.xwork2.util.reflection.ReflectionContextFactory)
[INFO][2014-03-01 17:21:14,101][org.apache.struts2.config.BeanSelectionProvider]Choosing bean (struts) for (com.opensymphony.xwork2.util.PatternMatcher)
[INFO][2014-03-01 17:21:14,101][org.apache.struts2.config.BeanSelectionProvider]Choosing bean (struts) for (org.apache.struts2.dispatcher.StaticContentLoader)
[INFO][2014-03-01 17:21:14,101][org.apache.struts2.config.BeanSelectionProvider]Choosing bean (struts) for (com.opensymphony.xwork2.UnknownHandlerManager)
[INFO][2014-03-01 17:21:14,102][org.apache.struts2.config.BeanSelectionProvider]Choosing bean (struts) for (org.apache.struts2.views.util.UrlHelper)
[INFO][2014-03-01 17:21:14,115][org.apache.struts2.spring.StrutsSpringObjectFactory]Initializing Struts-Spring integration...
[INFO][2014-03-01 17:21:14,115][com.opensymphony.xwork2.spring.SpringObjectFactory]Setting autowire strategy to name
[INFO][2014-03-01 17:21:14,115][org.apache.struts2.spring.StrutsSpringObjectFactory]... initialized Struts-Spring integration successfully
[INFO][2014-03-01 17:25:24,690][org.springframework.web.context.ContextLoader]Root WebApplicationContext: initialization started
[INFO][2014-03-01 17:25:24,816][org.springframework.web.context.support.XmlWebApplicationContext]Refreshing Root WebApplicationContext: startup date [Sat Mar 01 17:25:24 CST 2014]; root of context hierarchy
[INFO][2014-03-01 17:25:24,865][org.springframework.beans.factory.xml.XmlBeanDefinitionReader]Loading XML bean definitions from class path resource [spring/spring.xml]
[INFO][2014-03-01 17:25:25,053][org.springframework.beans.factory.xml.XmlBeanDefinitionReader]Loading XML bean definitions from class path resource [hibernate/hibernate.cfg.xml]
[INFO][2014-03-01 17:25:25,274][org.springframework.beans.factory.config.PropertyPlaceholderConfigurer]Loading properties file from class path resource [config/config.properties]
[INFO][2014-03-01 17:25:25,316][org.springframework.beans.factory.support.DefaultListableBeanFactory]Pre-instantiating singletons in org.springframework.beans.factory.support.DefaultListableBeanFactory@7d9601: defining beans [org.springframework.beans.factory.config.PropertyPlaceholderConfigurer#0,baseDao,cmsUserService,org.springframework.context.annotation.internalConfigurationAnnotationProcessor,org.springframework.context.annotation.internalAutowiredAnnotationProcessor,org.springframework.context.annotation.internalRequiredAnnotationProcessor,org.springframework.context.annotation.internalCommonAnnotationProcessor,org.springframework.context.annotation.internalPersistenceAnnotationProcessor,dataSource,sessionFactory,transactionManager,transactionAdvice,org.springframework.aop.config.internalAutoProxyCreator,transactionPointcut,org.springframework.aop.support.DefaultBeanFactoryPointcutAdvisor#0,org.springframework.context.annotation.ConfigurationClassPostProcessor$ImportAwareBeanPostProcessor#0]; root of factory hierarchy
[INFO][2014-03-01 17:25:25,401][com.mchange.v2.log.MLog]MLog clients using log4j logging.
[INFO][2014-03-01 17:25:25,476][com.mchange.v2.c3p0.C3P0Registry]Initializing c3p0-0.9.1.2 [built 21-May-2007 15:04:56; debug? true; trace: 10]
[INFO][2014-03-01 17:25:26,028][org.hibernate.annotations.common.Version]HCANN000001: Hibernate Commons Annotations {4.0.2.Final}
[INFO][2014-03-01 17:25:26,035][org.hibernate.Version]HHH000412: Hibernate Core {4.2.7.Final}
[INFO][2014-03-01 17:25:26,038][org.hibernate.cfg.Environment]HHH000206: hibernate.properties not found
[INFO][2014-03-01 17:25:26,039][org.hibernate.cfg.Environment]HHH000021: Bytecode provider name : javassist
[INFO][2014-03-01 17:25:26,167][com.mchange.v2.c3p0.impl.AbstractPoolBackedDataSource]Initializing c3p0 pool... com.mchange.v2.c3p0.ComboPooledDataSource [ acquireIncrement -> 5, acquireRetryAttempts -> 30, acquireRetryDelay -> 1000, autoCommitOnClose -> true, automaticTestTable -> null, breakAfterAcquireFailure -> false, checkoutTimeout -> 3000, connectionCustomizerClassName -> null, connectionTesterClassName -> com.mchange.v2.c3p0.impl.DefaultConnectionTester, dataSourceName -> 1hge15w90yo7qdex6bjmt|10abfa4f, debugUnreturnedConnectionStackTraces -> false, description -> null, driverClass -> com.mysql.jdbc.Driver, factoryClassLocation -> null, forceIgnoreUnresolvedTransactions -> false, identityToken -> 1hge15w90yo7qdex6bjmt|10abfa4f, idleConnectionTestPeriod -> 0, initialPoolSize -> 10, jdbcUrl -> jdbc:mysql://192.168.87.2:3306/cms?useUnicode=true&autoReconnect=true&characterEncoding=UTF-8, maxAdministrativeTaskTime -> 0, maxConnectionAge -> 0, maxIdleTime -> 25000, maxIdleTimeExcessConnections -> 0, maxPoolSize -> 100, maxStatements -> 0, maxStatementsPerConnection -> 0, minPoolSize -> 10, numHelperThreads -> 3, numThreadsAwaitingCheckoutDefaultUser -> 0, preferredTestQuery -> null, properties -> {user=******, password=******}, propertyCycle -> 0, testConnectionOnCheckin -> false, testConnectionOnCheckout -> false, unreturnedConnectionTimeout -> 0, usesTraditionalReflectiveProxies -> false ]
[INFO][2014-03-01 17:25:26,390][org.hibernate.dialect.Dialect]HHH000400: Using dialect: org.hibernate.dialect.MySQLDialect
[INFO][2014-03-01 17:25:26,402][org.hibernate.engine.jdbc.internal.LobCreatorBuilder]HHH000424: Disabling contextual LOB creation as createClob() method threw error : java.lang.reflect.InvocationTargetException
[INFO][2014-03-01 17:25:26,542][org.hibernate.engine.transaction.internal.TransactionFactoryInitiator]HHH000399: Using default transaction strategy (direct JDBC transactions)
[INFO][2014-03-01 17:25:26,549][org.hibernate.hql.internal.ast.ASTQueryTranslatorFactory]HHH000397: Using ASTQueryTranslatorFactory
[INFO][2014-03-01 17:25:26,737][org.hibernate.tool.hbm2ddl.SchemaUpdate]HHH000228: Running hbm2ddl schema update
[INFO][2014-03-01 17:25:26,737][org.hibernate.tool.hbm2ddl.SchemaUpdate]HHH000102: Fetching database metadata
[INFO][2014-03-01 17:25:26,741][org.hibernate.tool.hbm2ddl.SchemaUpdate]HHH000396: Updating schema
[INFO][2014-03-01 17:25:26,759][org.hibernate.tool.hbm2ddl.TableMetadata]HHH000261: Table found: cms.cms_user
[INFO][2014-03-01 17:25:26,759][org.hibernate.tool.hbm2ddl.TableMetadata]HHH000037: Columns: [id, user_name, update_time, status, last_login_time, create_time, password]
[INFO][2014-03-01 17:25:26,759][org.hibernate.tool.hbm2ddl.TableMetadata]HHH000108: Foreign keys: []
[INFO][2014-03-01 17:25:26,759][org.hibernate.tool.hbm2ddl.TableMetadata]HHH000126: Indexes: [primary]
[INFO][2014-03-01 17:25:26,760][org.hibernate.tool.hbm2ddl.SchemaUpdate]HHH000232: Schema update complete
[INFO][2014-03-01 17:25:26,865][org.springframework.orm.hibernate4.HibernateTransactionManager]Using DataSource [com.mchange.v2.c3p0.ComboPooledDataSource [ acquireIncrement -> 5, acquireRetryAttempts -> 30, acquireRetryDelay -> 1000, autoCommitOnClose -> true, automaticTestTable -> null, breakAfterAcquireFailure -> false, checkoutTimeout -> 3000, connectionCustomizerClassName -> null, connectionTesterClassName -> com.mchange.v2.c3p0.impl.DefaultConnectionTester, dataSourceName -> 1hge15w90yo7qdex6bjmt|10abfa4f, debugUnreturnedConnectionStackTraces -> false, description -> null, driverClass -> com.mysql.jdbc.Driver, factoryClassLocation -> null, forceIgnoreUnresolvedTransactions -> false, identityToken -> 1hge15w90yo7qdex6bjmt|10abfa4f, idleConnectionTestPeriod -> 0, initialPoolSize -> 10, jdbcUrl -> jdbc:mysql://192.168.87.2:3306/cms?useUnicode=true&autoReconnect=true&characterEncoding=UTF-8, maxAdministrativeTaskTime -> 0, maxConnectionAge -> 0, maxIdleTime -> 25000, maxIdleTimeExcessConnections -> 0, maxPoolSize -> 100, maxStatements -> 0, maxStatementsPerConnection -> 0, minPoolSize -> 10, numHelperThreads -> 3, numThreadsAwaitingCheckoutDefaultUser -> 0, preferredTestQuery -> null, properties -> {user=******, password=******}, propertyCycle -> 0, testConnectionOnCheckin -> false, testConnectionOnCheckout -> false, unreturnedConnectionTimeout -> 0, usesTraditionalReflectiveProxies -> false ]] of Hibernate SessionFactory for HibernateTransactionManager
[INFO][2014-03-01 17:25:26,907][org.springframework.web.context.ContextLoader]Root WebApplicationContext: initialization completed in 2217 ms
[INFO][2014-03-01 17:25:27,121][com.opensymphony.xwork2.config.providers.XmlConfigurationProvider]Parsing configuration file [struts-default.xml]
[INFO][2014-03-01 17:25:27,190][com.opensymphony.xwork2.config.providers.XmlConfigurationProvider]Parsing configuration file [struts-plugin.xml]
[INFO][2014-03-01 17:25:27,208][com.opensymphony.xwork2.config.providers.XmlConfigurationProvider]Unable to locate configuration files of the name struts.xml, skipping
[INFO][2014-03-01 17:25:27,208][com.opensymphony.xwork2.config.providers.XmlConfigurationProvider]Parsing configuration file [struts.xml]
[INFO][2014-03-01 17:25:27,211][org.apache.struts2.config.BeanSelectionProvider]Choosing bean (spring) for (com.opensymphony.xwork2.ObjectFactory)
[INFO][2014-03-01 17:25:27,212][org.apache.struts2.config.BeanSelectionProvider]Choosing bean (struts) for (com.opensymphony.xwork2.FileManager)
[INFO][2014-03-01 17:25:27,212][org.apache.struts2.config.BeanSelectionProvider]Choosing bean (struts) for (com.opensymphony.xwork2.conversion.impl.XWorkConverter)
[INFO][2014-03-01 17:25:27,212][org.apache.struts2.config.BeanSelectionProvider]Choosing bean (struts) for (com.opensymphony.xwork2.TextProvider)
[INFO][2014-03-01 17:25:27,212][org.apache.struts2.config.BeanSelectionProvider]Choosing bean (struts) for (com.opensymphony.xwork2.ActionProxyFactory)
[INFO][2014-03-01 17:25:27,212][org.apache.struts2.config.BeanSelectionProvider]Choosing bean (struts) for (com.opensymphony.xwork2.conversion.ObjectTypeDeterminer)
[INFO][2014-03-01 17:25:27,212][org.apache.struts2.config.BeanSelectionProvider]Choosing bean (struts) for (org.apache.struts2.dispatcher.mapper.ActionMapper)
[INFO][2014-03-01 17:25:27,212][org.apache.struts2.config.BeanSelectionProvider]Choosing bean (jakarta) for (org.apache.struts2.dispatcher.multipart.MultiPartRequest)
[INFO][2014-03-01 17:25:27,212][org.apache.struts2.config.BeanSelectionProvider]Choosing bean (struts) for (org.apache.struts2.views.freemarker.FreemarkerManager)
[INFO][2014-03-01 17:25:27,213][org.apache.struts2.config.BeanSelectionProvider]Choosing bean (struts) for (org.apache.struts2.components.UrlRenderer)
[INFO][2014-03-01 17:25:27,213][org.apache.struts2.config.BeanSelectionProvider]Choosing bean (struts) for (com.opensymphony.xwork2.validator.ActionValidatorManager)
[INFO][2014-03-01 17:25:27,213][org.apache.struts2.config.BeanSelectionProvider]Choosing bean (struts) for (com.opensymphony.xwork2.util.ValueStackFactory)
[INFO][2014-03-01 17:25:27,214][org.apache.struts2.config.BeanSelectionProvider]Choosing bean (struts) for (com.opensymphony.xwork2.util.reflection.ReflectionProvider)
[INFO][2014-03-01 17:25:27,214][org.apache.struts2.config.BeanSelectionProvider]Choosing bean (struts) for (com.opensymphony.xwork2.util.reflection.ReflectionContextFactory)
[INFO][2014-03-01 17:25:27,214][org.apache.struts2.config.BeanSelectionProvider]Choosing bean (struts) for (com.opensymphony.xwork2.util.PatternMatcher)
[INFO][2014-03-01 17:25:27,214][org.apache.struts2.config.BeanSelectionProvider]Choosing bean (struts) for (org.apache.struts2.dispatcher.StaticContentLoader)
[INFO][2014-03-01 17:25:27,214][org.apache.struts2.config.BeanSelectionProvider]Choosing bean (struts) for (com.opensymphony.xwork2.UnknownHandlerManager)
[INFO][2014-03-01 17:25:27,214][org.apache.struts2.config.BeanSelectionProvider]Choosing bean (struts) for (org.apache.struts2.views.util.UrlHelper)
[INFO][2014-03-01 17:25:27,226][org.apache.struts2.spring.StrutsSpringObjectFactory]Initializing Struts-Spring integration...
[INFO][2014-03-01 17:25:27,226][com.opensymphony.xwork2.spring.SpringObjectFactory]Setting autowire strategy to name
[INFO][2014-03-01 17:25:27,226][org.apache.struts2.spring.StrutsSpringObjectFactory]... initialized Struts-Spring integration successfully
[INFO][2014-03-01 17:27:00,003][org.springframework.web.context.ContextLoader]Root WebApplicationContext: initialization started
[INFO][2014-03-01 17:27:00,115][org.springframework.web.context.support.XmlWebApplicationContext]Refreshing Root WebApplicationContext: startup date [Sat Mar 01 17:27:00 CST 2014]; root of context hierarchy
[INFO][2014-03-01 17:27:00,161][org.springframework.beans.factory.xml.XmlBeanDefinitionReader]Loading XML bean definitions from class path resource [spring/spring.xml]
[INFO][2014-03-01 17:27:00,349][org.springframework.beans.factory.xml.XmlBeanDefinitionReader]Loading XML bean definitions from class path resource [hibernate/hibernate.cfg.xml]
[INFO][2014-03-01 17:27:00,551][org.springframework.beans.factory.config.PropertyPlaceholderConfigurer]Loading properties file from class path resource [config/config.properties]
[INFO][2014-03-01 17:27:00,588][org.springframework.beans.factory.support.DefaultListableBeanFactory]Pre-instantiating singletons in org.springframework.beans.factory.support.DefaultListableBeanFactory@2d5004dd: defining beans [org.springframework.beans.factory.config.PropertyPlaceholderConfigurer#0,baseDao,cmsUserService,org.springframework.context.annotation.internalConfigurationAnnotationProcessor,org.springframework.context.annotation.internalAutowiredAnnotationProcessor,org.springframework.context.annotation.internalRequiredAnnotationProcessor,org.springframework.context.annotation.internalCommonAnnotationProcessor,org.springframework.context.annotation.internalPersistenceAnnotationProcessor,dataSource,sessionFactory,transactionManager,transactionAdvice,org.springframework.aop.config.internalAutoProxyCreator,transactionPointcut,org.springframework.aop.support.DefaultBeanFactoryPointcutAdvisor#0,org.springframework.context.annotation.ConfigurationClassPostProcessor$ImportAwareBeanPostProcessor#0]; root of factory hierarchy
[INFO][2014-03-01 17:27:00,652][com.mchange.v2.log.MLog]MLog clients using log4j logging.
[INFO][2014-03-01 17:27:00,740][com.mchange.v2.c3p0.C3P0Registry]Initializing c3p0-0.9.1.2 [built 21-May-2007 15:04:56; debug? true; trace: 10]
[INFO][2014-03-01 17:27:01,265][org.hibernate.annotations.common.Version]HCANN000001: Hibernate Commons Annotations {4.0.2.Final}
[INFO][2014-03-01 17:27:01,272][org.hibernate.Version]HHH000412: Hibernate Core {4.2.7.Final}
[INFO][2014-03-01 17:27:01,275][org.hibernate.cfg.Environment]HHH000206: hibernate.properties not found
[INFO][2014-03-01 17:27:01,276][org.hibernate.cfg.Environment]HHH000021: Bytecode provider name : javassist
[INFO][2014-03-01 17:27:01,403][com.mchange.v2.c3p0.impl.AbstractPoolBackedDataSource]Initializing c3p0 pool... com.mchange.v2.c3p0.ComboPooledDataSource [ acquireIncrement -> 5, acquireRetryAttempts -> 30, acquireRetryDelay -> 1000, autoCommitOnClose -> true, automaticTestTable -> null, breakAfterAcquireFailure -> false, checkoutTimeout -> 3000, connectionCustomizerClassName -> null, connectionTesterClassName -> com.mchange.v2.c3p0.impl.DefaultConnectionTester, dataSourceName -> 1hge15w90yo9rvq15uq92g|214c4ac9, debugUnreturnedConnectionStackTraces -> false, description -> null, driverClass -> com.mysql.jdbc.Driver, factoryClassLocation -> null, forceIgnoreUnresolvedTransactions -> false, identityToken -> 1hge15w90yo9rvq15uq92g|214c4ac9, idleConnectionTestPeriod -> 0, initialPoolSize -> 10, jdbcUrl -> jdbc:mysql://192.168.87.2:3306/cms?useUnicode=true&autoReconnect=true&characterEncoding=UTF-8, maxAdministrativeTaskTime -> 0, maxConnectionAge -> 0, maxIdleTime -> 25000, maxIdleTimeExcessConnections -> 0, maxPoolSize -> 100, maxStatements -> 0, maxStatementsPerConnection -> 0, minPoolSize -> 10, numHelperThreads -> 3, numThreadsAwaitingCheckoutDefaultUser -> 0, preferredTestQuery -> null, properties -> {user=******, password=******}, propertyCycle -> 0, testConnectionOnCheckin -> false, testConnectionOnCheckout -> false, unreturnedConnectionTimeout -> 0, usesTraditionalReflectiveProxies -> false ]
[INFO][2014-03-01 17:27:01,667][org.hibernate.dialect.Dialect]HHH000400: Using dialect: org.hibernate.dialect.MySQLDialect
[INFO][2014-03-01 17:27:01,684][org.hibernate.engine.jdbc.internal.LobCreatorBuilder]HHH000424: Disabling contextual LOB creation as createClob() method threw error : java.lang.reflect.InvocationTargetException
[INFO][2014-03-01 17:27:01,805][org.hibernate.engine.transaction.internal.TransactionFactoryInitiator]HHH000399: Using default transaction strategy (direct JDBC transactions)
[INFO][2014-03-01 17:27:01,812][org.hibernate.hql.internal.ast.ASTQueryTranslatorFactory]HHH000397: Using ASTQueryTranslatorFactory
[INFO][2014-03-01 17:27:01,986][org.hibernate.tool.hbm2ddl.SchemaUpdate]HHH000228: Running hbm2ddl schema update
[INFO][2014-03-01 17:27:01,986][org.hibernate.tool.hbm2ddl.SchemaUpdate]HHH000102: Fetching database metadata
[INFO][2014-03-01 17:27:01,989][org.hibernate.tool.hbm2ddl.SchemaUpdate]HHH000396: Updating schema
[INFO][2014-03-01 17:27:02,007][org.hibernate.tool.hbm2ddl.TableMetadata]HHH000261: Table found: cms.cms_user
[INFO][2014-03-01 17:27:02,007][org.hibernate.tool.hbm2ddl.TableMetadata]HHH000037: Columns: [id, user_name, update_time, status, last_login_time, create_time, password]
[INFO][2014-03-01 17:27:02,007][org.hibernate.tool.hbm2ddl.TableMetadata]HHH000108: Foreign keys: []
[INFO][2014-03-01 17:27:02,007][org.hibernate.tool.hbm2ddl.TableMetadata]HHH000126: Indexes: [primary]
[INFO][2014-03-01 17:27:02,008][org.hibernate.tool.hbm2ddl.SchemaUpdate]HHH000232: Schema update complete
[INFO][2014-03-01 17:27:02,141][org.springframework.orm.hibernate4.HibernateTransactionManager]Using DataSource [com.mchange.v2.c3p0.ComboPooledDataSource [ acquireIncrement -> 5, acquireRetryAttempts -> 30, acquireRetryDelay -> 1000, autoCommitOnClose -> true, automaticTestTable -> null, breakAfterAcquireFailure -> false, checkoutTimeout -> 3000, connectionCustomizerClassName -> null, connectionTesterClassName -> com.mchange.v2.c3p0.impl.DefaultConnectionTester, dataSourceName -> 1hge15w90yo9rvq15uq92g|214c4ac9, debugUnreturnedConnectionStackTraces -> false, description -> null, driverClass -> com.mysql.jdbc.Driver, factoryClassLocation -> null, forceIgnoreUnresolvedTransactions -> false, identityToken -> 1hge15w90yo9rvq15uq92g|214c4ac9, idleConnectionTestPeriod -> 0, initialPoolSize -> 10, jdbcUrl -> jdbc:mysql://192.168.87.2:3306/cms?useUnicode=true&autoReconnect=true&characterEncoding=UTF-8, maxAdministrativeTaskTime -> 0, maxConnectionAge -> 0, maxIdleTime -> 25000, maxIdleTimeExcessConnections -> 0, maxPoolSize -> 100, maxStatements -> 0, maxStatementsPerConnection -> 0, minPoolSize -> 10, numHelperThreads -> 3, numThreadsAwaitingCheckoutDefaultUser -> 0, preferredTestQuery -> null, properties -> {user=******, password=******}, propertyCycle -> 0, testConnectionOnCheckin -> false, testConnectionOnCheckout -> false, unreturnedConnectionTimeout -> 0, usesTraditionalReflectiveProxies -> false ]] of Hibernate SessionFactory for HibernateTransactionManager
[INFO][2014-03-01 17:27:02,211][org.springframework.web.context.ContextLoader]Root WebApplicationContext: initialization completed in 2207 ms
[INFO][2014-03-01 17:27:02,441][com.opensymphony.xwork2.config.providers.XmlConfigurationProvider]Parsing configuration file [struts-default.xml]
[INFO][2014-03-01 17:27:02,511][com.opensymphony.xwork2.config.providers.XmlConfigurationProvider]Parsing configuration file [struts-plugin.xml]
[INFO][2014-03-01 17:27:02,526][com.opensymphony.xwork2.config.providers.XmlConfigurationProvider]Unable to locate configuration files of the name struts.xml, skipping
[INFO][2014-03-01 17:27:02,526][com.opensymphony.xwork2.config.providers.XmlConfigurationProvider]Parsing configuration file [struts.xml]
[INFO][2014-03-01 17:27:02,530][org.apache.struts2.config.BeanSelectionProvider]Choosing bean (spring) for (com.opensymphony.xwork2.ObjectFactory)
[INFO][2014-03-01 17:27:02,530][org.apache.struts2.config.BeanSelectionProvider]Choosing bean (struts) for (com.opensymphony.xwork2.FileManager)
[INFO][2014-03-01 17:27:02,530][org.apache.struts2.config.BeanSelectionProvider]Choosing bean (struts) for (com.opensymphony.xwork2.conversion.impl.XWorkConverter)
[INFO][2014-03-01 17:27:02,530][org.apache.struts2.config.BeanSelectionProvider]Choosing bean (struts) for (com.opensymphony.xwork2.TextProvider)
[INFO][2014-03-01 17:27:02,530][org.apache.struts2.config.BeanSelectionProvider]Choosing bean (struts) for (com.opensymphony.xwork2.ActionProxyFactory)
[INFO][2014-03-01 17:27:02,530][org.apache.struts2.config.BeanSelectionProvider]Choosing bean (struts) for (com.opensymphony.xwork2.conversion.ObjectTypeDeterminer)
[INFO][2014-03-01 17:27:02,530][org.apache.struts2.config.BeanSelectionProvider]Choosing bean (struts) for (org.apache.struts2.dispatcher.mapper.ActionMapper)
[INFO][2014-03-01 17:27:02,530][org.apache.struts2.config.BeanSelectionProvider]Choosing bean (jakarta) for (org.apache.struts2.dispatcher.multipart.MultiPartRequest)
[INFO][2014-03-01 17:27:02,530][org.apache.struts2.config.BeanSelectionProvider]Choosing bean (struts) for (org.apache.struts2.views.freemarker.FreemarkerManager)
[INFO][2014-03-01 17:27:02,532][org.apache.struts2.config.BeanSelectionProvider]Choosing bean (struts) for (org.apache.struts2.components.UrlRenderer)
[INFO][2014-03-01 17:27:02,532][org.apache.struts2.config.BeanSelectionProvider]Choosing bean (struts) for (com.opensymphony.xwork2.validator.ActionValidatorManager)
[INFO][2014-03-01 17:27:02,532][org.apache.struts2.config.BeanSelectionProvider]Choosing bean (struts) for (com.opensymphony.xwork2.util.ValueStackFactory)
[INFO][2014-03-01 17:27:02,532][org.apache.struts2.config.BeanSelectionProvider]Choosing bean (struts) for (com.opensymphony.xwork2.util.reflection.ReflectionProvider)
[INFO][2014-03-01 17:27:02,532][org.apache.struts2.config.BeanSelectionProvider]Choosing bean (struts) for (com.opensymphony.xwork2.util.reflection.ReflectionContextFactory)
[INFO][2014-03-01 17:27:02,532][org.apache.struts2.config.BeanSelectionProvider]Choosing bean (struts) for (com.opensymphony.xwork2.util.PatternMatcher)
[INFO][2014-03-01 17:27:02,532][org.apache.struts2.config.BeanSelectionProvider]Choosing bean (struts) for (org.apache.struts2.dispatcher.StaticContentLoader)
[INFO][2014-03-01 17:27:02,532][org.apache.struts2.config.BeanSelectionProvider]Choosing bean (struts) for (com.opensymphony.xwork2.UnknownHandlerManager)
[INFO][2014-03-01 17:27:02,532][org.apache.struts2.config.BeanSelectionProvider]Choosing bean (struts) for (org.apache.struts2.views.util.UrlHelper)
[INFO][2014-03-01 17:27:02,545][org.apache.struts2.spring.StrutsSpringObjectFactory]Initializing Struts-Spring integration...
[INFO][2014-03-01 17:27:02,545][com.opensymphony.xwork2.spring.SpringObjectFactory]Setting autowire strategy to name
[INFO][2014-03-01 17:27:02,545][org.apache.struts2.spring.StrutsSpringObjectFactory]... initialized Struts-Spring integration successfully
[INFO][2014-03-01 17:33:12,059][org.springframework.web.context.ContextLoader]Root WebApplicationContext: initialization started
[INFO][2014-03-01 17:33:12,152][org.springframework.web.context.support.XmlWebApplicationContext]Refreshing Root WebApplicationContext: startup date [Sat Mar 01 17:33:12 CST 2014]; root of context hierarchy
[INFO][2014-03-01 17:33:12,198][org.springframework.beans.factory.xml.XmlBeanDefinitionReader]Loading XML bean definitions from class path resource [spring/spring.xml]
[INFO][2014-03-01 17:33:12,380][org.springframework.beans.factory.xml.XmlBeanDefinitionReader]Loading XML bean definitions from class path resource [hibernate/hibernate.cfg.xml]
[INFO][2014-03-01 17:33:12,591][org.springframework.beans.factory.config.PropertyPlaceholderConfigurer]Loading properties file from class path resource [config/config.properties]
[INFO][2014-03-01 17:33:12,628][org.springframework.beans.factory.support.DefaultListableBeanFactory]Pre-instantiating singletons in org.springframework.beans.factory.support.DefaultListableBeanFactory@34baf4ae: defining beans [org.springframework.beans.factory.config.PropertyPlaceholderConfigurer#0,baseDao,cmsUserService,org.springframework.context.annotation.internalConfigurationAnnotationProcessor,org.springframework.context.annotation.internalAutowiredAnnotationProcessor,org.springframework.context.annotation.internalRequiredAnnotationProcessor,org.springframework.context.annotation.internalCommonAnnotationProcessor,org.springframework.context.annotation.internalPersistenceAnnotationProcessor,dataSource,sessionFactory,transactionManager,transactionAdvice,org.springframework.aop.config.internalAutoProxyCreator,transactionPointcut,org.springframework.aop.support.DefaultBeanFactoryPointcutAdvisor#0,org.springframework.context.annotation.ConfigurationClassPostProcessor$ImportAwareBeanPostProcessor#0]; root of factory hierarchy
[INFO][2014-03-01 17:33:12,694][com.mchange.v2.log.MLog]MLog clients using log4j logging.
[INFO][2014-03-01 17:33:12,749][com.mchange.v2.c3p0.C3P0Registry]Initializing c3p0-0.9.1.2 [built 21-May-2007 15:04:56; debug? true; trace: 10]
[INFO][2014-03-01 17:33:13,249][org.hibernate.annotations.common.Version]HCANN000001: Hibernate Commons Annotations {4.0.2.Final}
[INFO][2014-03-01 17:33:13,255][org.hibernate.Version]HHH000412: Hibernate Core {4.2.7.Final}
[INFO][2014-03-01 17:33:13,258][org.hibernate.cfg.Environment]HHH000206: hibernate.properties not found
[INFO][2014-03-01 17:33:13,260][org.hibernate.cfg.Environment]HHH000021: Bytecode provider name : javassist
[INFO][2014-03-01 17:33:13,390][com.mchange.v2.c3p0.impl.AbstractPoolBackedDataSource]Initializing c3p0 pool... com.mchange.v2.c3p0.ComboPooledDataSource [ acquireIncrement -> 5, acquireRetryAttempts -> 30, acquireRetryDelay -> 1000, autoCommitOnClose -> true, automaticTestTable -> null, breakAfterAcquireFailure -> false, checkoutTimeout -> 3000, connectionCustomizerClassName -> null, connectionTesterClassName -> com.mchange.v2.c3p0.impl.DefaultConnectionTester, dataSourceName -> 1hge15w90yohqxk1id04yd|2a9a42ef, debugUnreturnedConnectionStackTraces -> false, description -> null, driverClass -> com.mysql.jdbc.Driver, factoryClassLocation -> null, forceIgnoreUnresolvedTransactions -> false, identityToken -> 1hge15w90yohqxk1id04yd|2a9a42ef, idleConnectionTestPeriod -> 0, initialPoolSize -> 10, jdbcUrl -> jdbc:mysql://192.168.87.2:3306/cms?useUnicode=true&autoReconnect=true&characterEncoding=UTF-8, maxAdministrativeTaskTime -> 0, maxConnectionAge -> 0, maxIdleTime -> 25000, maxIdleTimeExcessConnections -> 0, maxPoolSize -> 100, maxStatements -> 0, maxStatementsPerConnection -> 0, minPoolSize -> 10, numHelperThreads -> 3, numThreadsAwaitingCheckoutDefaultUser -> 0, preferredTestQuery -> null, properties -> {user=******, password=******}, propertyCycle -> 0, testConnectionOnCheckin -> false, testConnectionOnCheckout -> false, unreturnedConnectionTimeout -> 0, usesTraditionalReflectiveProxies -> false ]
[INFO][2014-03-01 17:33:13,664][org.hibernate.dialect.Dialect]HHH000400: Using dialect: org.hibernate.dialect.MySQLDialect
[INFO][2014-03-01 17:33:13,674][org.hibernate.engine.jdbc.internal.LobCreatorBuilder]HHH000424: Disabling contextual LOB creation as createClob() method threw error : java.lang.reflect.InvocationTargetException
[INFO][2014-03-01 17:33:13,896][org.hibernate.engine.transaction.internal.TransactionFactoryInitiator]HHH000399: Using default transaction strategy (direct JDBC transactions)
[INFO][2014-03-01 17:33:13,901][org.hibernate.hql.internal.ast.ASTQueryTranslatorFactory]HHH000397: Using ASTQueryTranslatorFactory
[INFO][2014-03-01 17:33:14,077][org.hibernate.tool.hbm2ddl.SchemaUpdate]HHH000228: Running hbm2ddl schema update
[INFO][2014-03-01 17:33:14,077][org.hibernate.tool.hbm2ddl.SchemaUpdate]HHH000102: Fetching database metadata
[INFO][2014-03-01 17:33:14,082][org.hibernate.tool.hbm2ddl.SchemaUpdate]HHH000396: Updating schema
[INFO][2014-03-01 17:33:14,105][org.hibernate.tool.hbm2ddl.TableMetadata]HHH000261: Table found: cms.cms_user
[INFO][2014-03-01 17:33:14,105][org.hibernate.tool.hbm2ddl.TableMetadata]HHH000037: Columns: [id, user_name, update_time, status, last_login_time, create_time, password]
[INFO][2014-03-01 17:33:14,105][org.hibernate.tool.hbm2ddl.TableMetadata]HHH000108: Foreign keys: []
[INFO][2014-03-01 17:33:14,106][org.hibernate.tool.hbm2ddl.TableMetadata]HHH000126: Indexes: [primary]
[INFO][2014-03-01 17:33:14,107][org.hibernate.tool.hbm2ddl.SchemaUpdate]HHH000232: Schema update complete
[INFO][2014-03-01 17:33:14,230][org.springframework.orm.hibernate4.HibernateTransactionManager]Using DataSource [com.mchange.v2.c3p0.ComboPooledDataSource [ acquireIncrement -> 5, acquireRetryAttempts -> 30, acquireRetryDelay -> 1000, autoCommitOnClose -> true, automaticTestTable -> null, breakAfterAcquireFailure -> false, checkoutTimeout -> 3000, connectionCustomizerClassName -> null, connectionTesterClassName -> com.mchange.v2.c3p0.impl.DefaultConnectionTester, dataSourceName -> 1hge15w90yohqxk1id04yd|2a9a42ef, debugUnreturnedConnectionStackTraces -> false, description -> null, driverClass -> com.mysql.jdbc.Driver, factoryClassLocation -> null, forceIgnoreUnresolvedTransactions -> false, identityToken -> 1hge15w90yohqxk1id04yd|2a9a42ef, idleConnectionTestPeriod -> 0, initialPoolSize -> 10, jdbcUrl -> jdbc:mysql://192.168.87.2:3306/cms?useUnicode=true&autoReconnect=true&characterEncoding=UTF-8, maxAdministrativeTaskTime -> 0, maxConnectionAge -> 0, maxIdleTime -> 25000, maxIdleTimeExcessConnections -> 0, maxPoolSize -> 100, maxStatements -> 0, maxStatementsPerConnection -> 0, minPoolSize -> 10, numHelperThreads -> 3, numThreadsAwaitingCheckoutDefaultUser -> 0, preferredTestQuery -> null, properties -> {user=******, password=******}, propertyCycle -> 0, testConnectionOnCheckin -> false, testConnectionOnCheckout -> false, unreturnedConnectionTimeout -> 0, usesTraditionalReflectiveProxies -> false ]] of Hibernate SessionFactory for HibernateTransactionManager
[INFO][2014-03-01 17:33:14,280][org.springframework.web.context.ContextLoader]Root WebApplicationContext: initialization completed in 2220 ms
[INFO][2014-03-01 17:33:14,528][com.opensymphony.xwork2.config.providers.XmlConfigurationProvider]Parsing configuration file [struts-default.xml]
[INFO][2014-03-01 17:33:14,587][com.opensymphony.xwork2.config.providers.XmlConfigurationProvider]Parsing configuration file [struts-plugin.xml]
[INFO][2014-03-01 17:33:14,609][com.opensymphony.xwork2.config.providers.XmlConfigurationProvider]Unable to locate configuration files of the name struts.xml, skipping
[INFO][2014-03-01 17:33:14,609][com.opensymphony.xwork2.config.providers.XmlConfigurationProvider]Parsing configuration file [struts.xml]
[INFO][2014-03-01 17:33:14,614][org.apache.struts2.config.BeanSelectionProvider]Choosing bean (spring) for (com.opensymphony.xwork2.ObjectFactory)
[INFO][2014-03-01 17:33:14,614][org.apache.struts2.config.BeanSelectionProvider]Choosing bean (struts) for (com.opensymphony.xwork2.FileManager)
[INFO][2014-03-01 17:33:14,614][org.apache.struts2.config.BeanSelectionProvider]Choosing bean (struts) for (com.opensymphony.xwork2.conversion.impl.XWorkConverter)
[INFO][2014-03-01 17:33:14,614][org.apache.struts2.config.BeanSelectionProvider]Choosing bean (struts) for (com.opensymphony.xwork2.TextProvider)
[INFO][2014-03-01 17:33:14,614][org.apache.struts2.config.BeanSelectionProvider]Choosing bean (struts) for (com.opensymphony.xwork2.ActionProxyFactory)
[INFO][2014-03-01 17:33:14,614][org.apache.struts2.config.BeanSelectionProvider]Choosing bean (struts) for (com.opensymphony.xwork2.conversion.ObjectTypeDeterminer)
[INFO][2014-03-01 17:33:14,614][org.apache.struts2.config.BeanSelectionProvider]Choosing bean (struts) for (org.apache.struts2.dispatcher.mapper.ActionMapper)
[INFO][2014-03-01 17:33:14,614][org.apache.struts2.config.BeanSelectionProvider]Choosing bean (jakarta) for (org.apache.struts2.dispatcher.multipart.MultiPartRequest)
[INFO][2014-03-01 17:33:14,614][org.apache.struts2.config.BeanSelectionProvider]Choosing bean (struts) for (org.apache.struts2.views.freemarker.FreemarkerManager)
[INFO][2014-03-01 17:33:14,616][org.apache.struts2.config.BeanSelectionProvider]Choosing bean (struts) for (org.apache.struts2.components.UrlRenderer)
[INFO][2014-03-01 17:33:14,616][org.apache.struts2.config.BeanSelectionProvider]Choosing bean (struts) for (com.opensymphony.xwork2.validator.ActionValidatorManager)
[INFO][2014-03-01 17:33:14,616][org.apache.struts2.config.BeanSelectionProvider]Choosing bean (struts) for (com.opensymphony.xwork2.util.ValueStackFactory)
[INFO][2014-03-01 17:33:14,616][org.apache.struts2.config.BeanSelectionProvider]Choosing bean (struts) for (com.opensymphony.xwork2.util.reflection.ReflectionProvider)
[INFO][2014-03-01 17:33:14,616][org.apache.struts2.config.BeanSelectionProvider]Choosing bean (struts) for (com.opensymphony.xwork2.util.reflection.ReflectionContextFactory)
[INFO][2014-03-01 17:33:14,616][org.apache.struts2.config.BeanSelectionProvider]Choosing bean (struts) for (com.opensymphony.xwork2.util.PatternMatcher)
[INFO][2014-03-01 17:33:14,616][org.apache.struts2.config.BeanSelectionProvider]Choosing bean (struts) for (org.apache.struts2.dispatcher.StaticContentLoader)
[INFO][2014-03-01 17:33:14,616][org.apache.struts2.config.BeanSelectionProvider]Choosing bean (struts) for (com.opensymphony.xwork2.UnknownHandlerManager)
[INFO][2014-03-01 17:33:14,616][org.apache.struts2.config.BeanSelectionProvider]Choosing bean (struts) for (org.apache.struts2.views.util.UrlHelper)
[INFO][2014-03-01 17:33:14,629][org.apache.struts2.spring.StrutsSpringObjectFactory]Initializing Struts-Spring integration...
[INFO][2014-03-01 17:33:14,629][com.opensymphony.xwork2.spring.SpringObjectFactory]Setting autowire strategy to name
[INFO][2014-03-01 17:33:14,629][org.apache.struts2.spring.StrutsSpringObjectFactory]... initialized Struts-Spring integration successfully
